<?xml version="1.0" encoding="UTF-8"?>
<testsuites name="jest tests" tests="2" failures="0" errors="0" time="3.447">
  <testsuite name="Google Cloud Logging Data Source" errors="0" failures="0" skipped="0" timestamp="2025-04-08T17:09:33" time="3.092" tests="2">
    <testcase classname="Google Cloud Logging Data Source getDefaultProject returns empty string if not set" name="Google Cloud Logging Data Source getDefaultProject returns empty string if not set" time="0.001">
    </testcase>
    <testcase classname="Google Cloud Logging Data Source getDefaultProject returns defaultProject from jsonData" name="Google Cloud Logging Data Source getDefaultProject returns defaultProject from jsonData" time="0">
    </testcase>
  </testsuite>
</testsuites>